  Main.cpp
D:\Games\My Launch And Play\Source(You mast not open it)\CardSuch\CardSuch\Main.cpp(397,23): warning C4018: <: несоответствие типов со знаком и без знака
D:\Games\My Launch And Play\Source(You mast not open it)\CardSuch\CardSuch\Main.cpp(405,23): warning C4018: <: несоответствие типов со знаком и без знака
D:\Games\My Launch And Play\Source(You mast not open it)\CardSuch\CardSuch\Main.cpp(437,26): warning C4018: <: несоответствие типов со знаком и без знака
D:\Games\My Launch And Play\Source(You mast not open it)\CardSuch\CardSuch\Main.cpp(459,27): warning C4018: <=: несоответствие типов со знаком и без знака
D:\Games\My Launch And Play\Source(You mast not open it)\CardSuch\CardSuch\Main.cpp(466,26): warning C4018: <: несоответствие типов со знаком и без знака
D:\Games\My Launch And Play\Source(You mast not open it)\CardSuch\CardSuch\Main.cpp(474,26): warning C4018: <: несоответствие типов со знаком и без знака
D:\Games\My Launch And Play\Source(You mast not open it)\CardSuch\CardSuch\Main.cpp(493,26): warning C4018: <: несоответствие типов со знаком и без знака
D:\Games\My Launch And Play\Source(You mast not open it)\CardSuch\CardSuch\Main.cpp(615,20): warning C4018: <: несоответствие типов со знаком и без знака
D:\Games\My Launch And Play\Source(You mast not open it)\CardSuch\CardSuch\Main.cpp(635,40): warning C4018: <: несоответствие типов со знаком и без знака
D:\Games\My Launch And Play\Source(You mast not open it)\CardSuch\CardSuch\Main.cpp(726,21): warning C4018: <: несоответствие типов со знаком и без знака
D:\Games\My Launch And Play\Source(You mast not open it)\CardSuch\CardSuch\Main.cpp(738,19): warning C4018: <: несоответствие типов со знаком и без знака
D:\Games\My Launch And Play\Source(You mast not open it)\CardSuch\CardSuch\Main.cpp(746,19): warning C4018: <: несоответствие типов со знаком и без знака
D:\Games\My Launch And Play\Source(You mast not open it)\CardSuch\CardSuch\Main.cpp(764,21): warning C4018: <: несоответствие типов со знаком и без знака
D:\Games\My Launch And Play\Source(You mast not open it)\CardSuch\CardSuch\Main.cpp(797,20): warning C4018: <: несоответствие типов со знаком и без знака
D:\Games\My Launch And Play\Source(You mast not open it)\CardSuch\CardSuch\Main.cpp(872,20): warning C4018: <: несоответствие типов со знаком и без знака
D:\Games\My Launch And Play\Source(You mast not open it)\CardSuch\CardSuch\Main.cpp(931,22): warning C4018: <: несоответствие типов со знаком и без знака
  Создание кода
  2 of 94 functions ( 2.1%) were compiled, the rest were copied from previous compilation.
    0 functions were new in current compilation
  Создание кода завершено
    1 functions had inline decision re-evaluated but remain unchanged
  CardSuch.vcxproj -> D:\Games\My Launch And Play\Source(You mast not open it)\CardSuch\CardSuch\Release\CardSuch.exe
